<?xml version="1.0" encoding="UTF-8"?>
<!-- Generated by org.testng.reporters.JUnitReportReporter -->
<testsuite hostname="DESKTOP-UMIN471" name="sanat.bhardwaj.ibmprojecttest1" tests="5" failures="0" timestamp="21 Mar 2022 10:24:50 GMT" time="14.139" errors="0">
  <testcase name="createUser" time="7.167" classname="sanat.bhardwaj.ibmprojecttest1"/>
  <testcase name="logout" time="1.625" classname="sanat.bhardwaj.ibmprojecttest1"/>
  <testcase name="edit" time="1.751" classname="sanat.bhardwaj.ibmprojecttest1"/>
  <testcase name="login" time="1.952" classname="sanat.bhardwaj.ibmprojecttest1"/>
  <testcase name="delete" time="1.644" classname="sanat.bhardwaj.ibmprojecttest1"/>
</testsuite> <!-- sanat.bhardwaj.ibmprojecttest1 -->
